<?xml version="1.0" encoding="UTF-8"?>
<!-- Generated by org.testng.reporters.JUnitXMLReporter -->
<testsuite hostname="rohitm-PC" name="Command line test" tests="6" failures="0" timestamp="13 May 2016 12:58:00 GMT" time="1.051" errors="0">
  <testcase name="@BeforeTest setup" time="0.0" classname="testing.AjaxAutoSuggest">
    <failure type="org.openqa.selenium.remote.UnreachableBrowserException" message="Error communicating with the remote browser. It may have died.
Build info: version: &amp;apos;2.53.0&amp;apos;, revision: &amp;apos;35ae25b&amp;apos;, time: &amp;apos;2016-03-15 16:57:40&amp;apos;
System info: host: &amp;apos;rohitm-PC&amp;apos;, ip: &amp;apos;192.168.2.112&amp;apos;, os.name: &amp;apos;Windows 7&amp;apos;, os.arch: &amp;apos;amd64&amp;apos;, os.version: &amp;apos;6.1&amp;apos;, java.version: &amp;apos;1.8.0_65&amp;apos;
Driver info: driver.version: FirefoxDriver
Capabilities [{applicationCacheEnabled=true, rotatable=false, handlesAlerts=true, databaseEnabled=true, version=46.0.1, platform=WINDOWS, nativeEvents=false, acceptSslCerts=true, webStorageEnabled=true, locationContextEnabled=true, browserName=firefox, takesScreenshot=true, javascriptEnabled=true, cssSelectorsEnabled=true}]
Session ID: b1275761-3813-437f-9ada-ffcd094fdfe7">
      <![CDATA[org.openqa.selenium.remote.UnreachableBrowserException: Error communicating with the remote browser. It may have died.
Build info: version: '2.53.0', revision: '35ae25b', time: '2016-03-15 16:57:40'
System info: host: 'rohitm-PC', ip: '192.168.2.112', os.name: 'Windows 7', os.arch: 'amd64', os.version: '6.1', java.version: '1.8.0_65'
Driver info: driver.version: FirefoxDriver
Capabilities [{applicationCacheEnabled=true, rotatable=false, handlesAlerts=true, databaseEnabled=true, version=46.0.1, platform=WINDOWS, nativeEvents=false, acceptSslCerts=true, webStorageEnabled=true, locationContextEnabled=true, browserName=firefox, takesScreenshot=true, javascriptEnabled=true, cssSelectorsEnabled=true}]
Session ID: b1275761-3813-437f-9ada-ffcd094fdfe7
	at org.openqa.selenium.remote.RemoteWebDriver.execute(RemoteWebDriver.java:665)
	at org.openqa.selenium.firefox.FirefoxDriver.access$0(FirefoxDriver.java:1)
	at org.openqa.selenium.firefox.FirefoxDriver$1$1.implicitlyWait(FirefoxDriver.java:244)
	at testing.AjaxAutoSuggest.setup(AjaxAutoSuggest.java:19)
	at testing.EntryPoint.main(EntryPoint.java:12)
Caused by: org.apache.http.conn.HttpHostConnectException: Connect to 127.0.0.1:7055 [/127.0.0.1] failed: Connection refused: connect
	at org.apache.http.impl.conn.DefaultHttpClientConnectionOperator.connect(DefaultHttpClientConnectionOperator.java:151)
	at org.apache.http.impl.conn.PoolingHttpClientConnectionManager.connect(PoolingHttpClientConnectionManager.java:353)
	at org.apache.http.impl.execchain.MainClientExec.establishRoute(MainClientExec.java:380)
	at org.apache.http.impl.execchain.MainClientExec.execute(MainClientExec.java:236)
	at org.apache.http.impl.execchain.ProtocolExec.execute(ProtocolExec.java:184)
	at org.apache.http.impl.execchain.RetryExec.execute(RetryExec.java:88)
	at org.apache.http.impl.execchain.RedirectExec.execute(RedirectExec.java:110)
	at org.apache.http.impl.client.InternalHttpClient.doExecute(InternalHttpClient.java:184)
	at org.apache.http.impl.client.CloseableHttpClient.execute(CloseableHttpClient.java:71)
	at org.apache.http.impl.client.CloseableHttpClient.execute(CloseableHttpClient.java:55)
	at org.openqa.selenium.remote.internal.ApacheHttpClient.fallBackExecute(ApacheHttpClient.java:144)
	at org.openqa.selenium.remote.internal.ApacheHttpClient.execute(ApacheHttpClient.java:90)
	at org.openqa.selenium.remote.HttpCommandExecutor.execute(HttpCommandExecutor.java:142)
	at org.openqa.selenium.firefox.internal.NewProfileExtensionConnection.execute(NewProfileExtensionConnection.java:160)
	at org.openqa.selenium.firefox.FirefoxDriver$LazyCommandExecutor.execute(FirefoxDriver.java:380)
	at org.openqa.selenium.remote.RemoteWebDriver.execute(RemoteWebDriver.java:644)
	... 23 more
Caused by: java.net.ConnectException: Connection refused: connect
	at java.net.DualStackPlainSocketImpl.waitForConnect(Native Method)
	at java.net.DualStackPlainSocketImpl.socketConnect(Unknown Source)
	at java.net.AbstractPlainSocketImpl.doConnect(Unknown Source)
	at java.net.AbstractPlainSocketImpl.connectToAddress(Unknown Source)
	at java.net.AbstractPlainSocketImpl.connect(Unknown Source)
	at java.net.PlainSocketImpl.connect(Unknown Source)
	at java.net.SocksSocketImpl.connect(Unknown Source)
	at java.net.Socket.connect(Unknown Source)
	at org.apache.http.conn.socket.PlainConnectionSocketFactory.connectSocket(PlainConnectionSocketFactory.java:74)
	at org.apache.http.impl.conn.DefaultHttpClientConnectionOperator.connect(DefaultHttpClientConnectionOperator.java:134)
	... 38 more
... Removed 19 stack frames]]>
    </failure>
  </testcase> <!-- @BeforeTest setup -->
  <testcase name="@BeforeTest navigate" time="0.0" classname="testing.AjaxAutoSuggest">
    <skipped/>
  </testcase> <!-- @BeforeTest navigate -->
  <testcase name="@BeforeTest perform_login" time="0.0" classname="testing.AjaxAutoSuggest">
    <skipped/>
  </testcase> <!-- @BeforeTest perform_login -->
  <testcase name="@AfterTest tearDown" time="0.0" classname="testing.NewTest">
    <skipped/>
  </testcase> <!-- @AfterTest tearDown -->
  <testcase name="f" time="0.001" classname="testing.AjaxAutoSuggest">
    <skipped/>
  </testcase> <!-- f -->
  <testcase name="login" time="0.0" classname="testing.NewTest">
    <skipped/>
  </testcase> <!-- login -->
  <testcase name="whenCookieIsSet" time="0.0" classname="testing.Cache">
    <skipped/>
  </testcase> <!-- whenCookieIsSet -->
  <testcase name="dynamic" time="0.0" classname="testing.NewTest">
    <skipped/>
  </testcase> <!-- dynamic -->
  <testcase name="window_handle" time="0.0" classname="testing.NewTest">
    <skipped/>
  </testcase> <!-- window_handle -->
  <testcase name="windowHandle" time="0.0" classname="testing.NewTest">
    <skipped/>
  </testcase> <!-- windowHandle -->
</testsuite> <!-- Command line test -->
